2021-11-20 21:24:12.087  INFO 20396 --- [restartedMain] com.company.Application                  : Starting Application on KAPPRS047 with PID 20396 (C:\Users\AhmadliKF\Documents\workspace\coding\ms-backend\target\classes started by AhmadliKF in C:\Users\AhmadliKF\Documents\workspace\coding\ms-backend)
2021-11-20 21:24:12.096  INFO 20396 --- [restartedMain] com.company.Application                  : No active profile set, falling back to default profiles: default
2021-11-20 21:24:12.151  INFO 20396 --- [restartedMain] .e.DevToolsPropertyDefaultsPostProcessor : Devtools property defaults active! Set 'spring.devtools.add-properties' to 'false' to disable
2021-11-20 21:24:12.151  INFO 20396 --- [restartedMain] .e.DevToolsPropertyDefaultsPostProcessor : For additional web related logging consider setting the 'logging.level.web' property to 'DEBUG'
2021-11-20 21:24:13.312  INFO 20396 --- [restartedMain] .s.d.r.c.RepositoryConfigurationDelegate : Bootstrapping Spring Data JPA repositories in DEFERRED mode.
2021-11-20 21:24:13.412  INFO 20396 --- [restartedMain] .s.d.r.c.RepositoryConfigurationDelegate : Finished Spring Data repository scanning in 87ms. Found 1 JPA repository interfaces.
2021-11-20 21:24:13.984  INFO 20396 --- [restartedMain] o.s.b.w.embedded.tomcat.TomcatWebServer  : Tomcat initialized with port(s): 8080 (http)
2021-11-20 21:24:13.994  INFO 20396 --- [restartedMain] o.apache.catalina.core.StandardService   : Starting service [Tomcat]
2021-11-20 21:24:14.002  INFO 20396 --- [restartedMain] org.apache.catalina.core.StandardEngine  : Starting Servlet engine: [Apache Tomcat/9.0.39]
2021-11-20 21:24:14.098  INFO 20396 --- [restartedMain] o.a.c.c.C.[Tomcat].[localhost].[/]       : Initializing Spring embedded WebApplicationContext
2021-11-20 21:24:14.098  INFO 20396 --- [restartedMain] w.s.c.ServletWebServerApplicationContext : Root WebApplicationContext: initialization completed in 1947 ms
2021-11-20 21:24:14.138  INFO 20396 --- [restartedMain] com.zaxxer.hikari.HikariDataSource       : HikariPool-1 - Starting...
2021-11-20 21:24:14.292  INFO 20396 --- [restartedMain] com.zaxxer.hikari.HikariDataSource       : HikariPool-1 - Start completed.
2021-11-20 21:24:14.299  INFO 20396 --- [restartedMain] o.s.b.a.h2.H2ConsoleAutoConfiguration    : H2 console available at '/h2-console'. Database available at 'jdbc:h2:mem:testdb'
2021-11-20 21:24:14.416  INFO 20396 --- [restartedMain] o.s.s.concurrent.ThreadPoolTaskExecutor  : Initializing ExecutorService 'applicationTaskExecutor'
2021-11-20 21:24:14.466  INFO 20396 --- [task-1] o.hibernate.jpa.internal.util.LogHelper  : HHH000204: Processing PersistenceUnitInfo [name: default]
2021-11-20 21:24:14.530  INFO 20396 --- [task-1] org.hibernate.Version                    : HHH000412: Hibernate ORM core version 5.4.22.Final
2021-11-20 21:24:14.681  INFO 20396 --- [task-1] o.hibernate.annotations.common.Version   : HCANN000001: Hibernate Commons Annotations {5.1.0.Final}
2021-11-20 21:24:14.808  INFO 20396 --- [task-1] org.hibernate.dialect.Dialect            : HHH000400: Using dialect: org.hibernate.dialect.H2Dialect
2021-11-20 21:24:15.470  INFO 20396 --- [task-1] o.h.e.t.j.p.i.JtaPlatformInitiator       : HHH000490: Using JtaPlatform implementation: [org.hibernate.engine.transaction.jta.platform.internal.NoJtaPlatform]
2021-11-20 21:24:15.479  INFO 20396 --- [task-1] j.LocalContainerEntityManagerFactoryBean : Initialized JPA EntityManagerFactory for persistence unit 'default'
2021-11-20 21:24:15.593  INFO 20396 --- [task-2] o.s.b.d.a.OptionalLiveReloadServer       : LiveReload server is running on port 35729
2021-11-20 21:24:15.783  WARN 20396 --- [restartedMain] JpaBaseConfiguration$JpaWebConfiguration : spring.jpa.open-in-view is enabled by default. Therefore, database queries may be performed during view rendering. Explicitly configure spring.jpa.open-in-view to disable this warning
2021-11-20 21:24:16.534  INFO 20396 --- [restartedMain] o.s.b.w.embedded.tomcat.TomcatWebServer  : Tomcat started on port(s): 8080 (http) with context path ''
2021-11-20 21:24:16.862  INFO 20396 --- [restartedMain] DeferredRepositoryInitializationListener : Triggering deferred initialization of Spring Data repositories…
2021-11-20 21:24:17.191  INFO 20396 --- [restartedMain] DeferredRepositoryInitializationListener : Spring Data repositories initialized!
2021-11-20 21:24:17.199  INFO 20396 --- [restartedMain] com.company.Application                  : Started Application in 5.68 seconds (JVM running for 7.049)
2021-11-20 21:24:27.740  INFO 20396 --- [http-nio-8080-exec-2] o.a.c.c.C.[Tomcat].[localhost].[/]       : Initializing Spring DispatcherServlet 'dispatcherServlet'
2021-11-20 21:24:27.748  INFO 20396 --- [http-nio-8080-exec-2] o.s.web.servlet.DispatcherServlet        : Initializing Servlet 'dispatcherServlet'
2021-11-20 21:24:27.757  INFO 20396 --- [http-nio-8080-exec-2] o.s.web.servlet.DispatcherServlet        : Completed initialization in 8 ms
2021-11-20 21:24:28.152  WARN 20396 --- [http-nio-8080-exec-2] .m.m.a.ExceptionHandlerExceptionResolver : Resolved [org.springframework.web.bind.MethodArgumentNotValidException: Validation failed for argument [0] in public org.springframework.http.ResponseEntity<com.company.dto.ResponseDto> com.company.controller.UserController.addUser(com.company.dto.CreateUserRequestDto): [Field error in object 'createUserRequestDto' on field 'email': rejected value [kanan.akhmadli99@gmail.com]; codes [UniqueEmail.createUserRequestDto.email,UniqueEmail.email,UniqueEmail.java.lang.String,UniqueEmail]; arguments [org.springframework.context.support.DefaultMessageSourceResolvable: codes [createUserRequestDto.email,email]; arguments []; default message [email]]; default message [backend.constraint.email.uniqueEmail.message]] ]
2021-11-20 21:24:36.811  INFO 20396 --- [http-nio-8080-exec-3] c.company.service.impl.UserServiceImpl   : getUsers methods is called
2021-11-20 21:24:36.893  INFO 20396 --- [http-nio-8080-exec-3] com.company.controller.UserController    : requesting v1/users
2021-11-20 21:24:51.724  INFO 20396 --- [SpringContextShutdownHook] j.LocalContainerEntityManagerFactoryBean : Closing JPA EntityManagerFactory for persistence unit 'default'
2021-11-20 21:24:51.728  INFO 20396 --- [SpringContextShutdownHook] o.s.s.concurrent.ThreadPoolTaskExecutor  : Shutting down ExecutorService 'applicationTaskExecutor'
2021-11-20 21:24:51.955  WARN 20396 --- [SpringContextShutdownHook] o.s.b.f.support.DisposableBeanAdapter    : Invocation of destroy method failed on bean with name 'inMemoryDatabaseShutdownExecutor': org.h2.jdbc.JdbcSQLNonTransientConnectionException: Database is already closed (to disable automatic closing at VM shutdown, add ";DB_CLOSE_ON_EXIT=FALSE" to the db URL) [90121-200]
2021-11-20 21:24:51.955  INFO 20396 --- [SpringContextShutdownHook] com.zaxxer.hikari.HikariDataSource       : HikariPool-1 - Shutdown initiated...
2021-11-20 21:24:51.961  INFO 20396 --- [SpringContextShutdownHook] com.zaxxer.hikari.HikariDataSource       : HikariPool-1 - Shutdown completed.
